<?xml version="1.0" encoding="UTF-8"?>
<!-- Generated by org.testng.reporters.JUnitReportReporter -->
<testsuite hostname="Umang8267" failures="0" tests="1" name="Testcases.ProductAddInCart" time="31.470" errors="0" timestamp="2025-08-28T23:24:41 IST" skipped="0">
  <testcase classname="Testcases.ProductAddInCart" name="ProductPagehasAllProduct" time="31.470"/>
  <system-out/>
</testsuite> <!-- Testcases.ProductAddInCart -->
