<?xml version="1.0" encoding="UTF-8"?>
<!-- Generated by org.testng.reporters.JUnitReportReporter -->
<testsuite hostname="Umang8267" failures="0" tests="1" name="Testcases.UserSignUP" time="15.946" errors="0" timestamp="2025-08-28T23:24:41 IST" skipped="0">
  <testcase classname="Testcases.UserSignUP" name="userSignup" time="15.946"/>
  <system-out/>
</testsuite> <!-- Testcases.UserSignUP -->
